<?xml version="1.0" encoding="UTF-8"?>
<!-- Generated by org.testng.reporters.JUnitXMLReporter -->
<testsuite ignored="0" hostname="DESKTOP-C20COO2" failures="0" tests="3" name="Default test" time="2.498" errors="0" timestamp="2022-02-21T14:54:48 IST">
  <testcase classname="Stepdefinations.definations" name="passing_values_from_get_method" time="2.297"/>
  <testcase classname="Stepdefinations.definations" name="user_is_on_api" time="0.012"/>
  <testcase classname="Stepdefinations.definations" name="validate_response_received" time="0.139"/>
</testsuite> <!-- Default test -->
